<?xml version="1.0" encoding="UTF-8"?>
<!-- Generated by org.testng.reporters.JUnitXMLReporter -->
<testsuite ignored="0" hostname="PVQI-LAP-121" failures="1" tests="1" name="validate title" time="22.234" errors="0" timestamp="2021-12-30T14:12:50 IST">
  <testcase classname="SeleniumProjects.Project1.ValidateTitle" name="browserInvocation" time="0.186">
    <failure type="java.lang.AssertionError" message="expected [FEATURED COURSE] but found [FEATURED COURSES]">
      <![CDATA[java.lang.AssertionError: expected [FEATURED COURSE] but found [FEATURED COURSES]
at SeleniumProjects.Project1.ValidateTitle.browserInvocation(ValidateTitle.java:37)
at java.base/java.util.ArrayList.forEach(ArrayList.java:1541)
at java.base/java.util.concurrent.FutureTask.run(FutureTask.java:264)
at java.base/java.util.concurrent.ThreadPoolExecutor.runWorker(ThreadPoolExecutor.java:1128)
at java.base/java.util.concurrent.ThreadPoolExecutor$Worker.run(ThreadPoolExecutor.java:628)
at java.base/java.lang.Thread.run(Thread.java:834)
... Removed 24 stack frames]]>
    </failure>
  </testcase> <!-- browserInvocation -->
</testsuite> <!-- validate title -->
